<?xml version="1.0" encoding="UTF-8"?>
<!-- Generated by org.testng.reporters.JUnitReportReporter -->
<testsuite hostname="AMBL22080325JY" failures="0" tests="1" name="Test_111" time="12.976" errors="0" timestamp="2022-08-19T21:38:25 IST" skipped="0">
  <testcase classname="Test_111" name="test123" time="12.976"/>
  <system-out/>
</testsuite> <!-- Test_111 -->
