<?xml version="1.0" encoding="UTF-8"?>
<!-- Generated by org.testng.reporters.JUnitReportReporter -->
<testsuite hostname="AMBL22080325JY" failures="0" tests="1" name="Test_D_8" time="0.006" errors="0" timestamp="2022-08-20T16:06:06 IST" skipped="0">
  <testcase classname="Test_D_8" name="Test_B" time="0.006"/>
  <system-out/>
</testsuite> <!-- Test_D_8 -->
