<?xml version="1.0" encoding="UTF-8"?>
<!-- Generated by org.testng.reporters.JUnitReportReporter -->
<testsuite hostname="AMBL22080325JY" failures="0" tests="1" name="automation_study.Test_D_3" time="0.012" errors="0" timestamp="2022-08-20T23:24:08 IST" skipped="0">
  <testcase classname="automation_study.Test_D_3" name="test_3" time="0.012"/>
  <system-out/>
</testsuite> <!-- automation_study.Test_D_3 -->
