<?xml version="1.0" encoding="UTF-8"?>
<!-- Generated by org.testng.reporters.JUnitReportReporter -->
<testsuite hostname="AMBL22080325JY" failures="0" tests="4" name="Test_NG1" time="30.563" errors="0" timestamp="2022-08-19T13:08:27 IST" skipped="0">
  <testcase classname="Test_NG1" name="test_02" time="6.268"/>
  <system-out/>
  <testcase classname="Test_NG1" name="test_01" time="9.520"/>
  <system-out/>
  <testcase classname="Test_NG1" name="test_03" time="7.751"/>
  <system-out/>
  <testcase classname="Test_NG1" name="test_04" time="7.024"/>
  <system-out/>
</testsuite> <!-- Test_NG1 -->
