<?xml version="1.0" encoding="UTF-8"?>
<!-- Generated by org.testng.reporters.JUnitReportReporter -->
<testsuite hostname="AMBL22080325JY" failures="0" tests="1" name="sachin.NewTest" time="0.004" errors="0" timestamp="2022-08-19T01:09:59 IST" skipped="0">
  <testcase classname="sachin.NewTest" name="f" time="0.004"/>
  <system-out/>
</testsuite> <!-- sachin.NewTest -->
