<?xml version="1.0" encoding="UTF-8"?>
<!-- Generated by org.testng.reporters.JUnitReportReporter -->
<testsuite hostname="AMBL22080325JY" failures="0" tests="1" name="automation_study.Test_D_2" time="0.010" errors="0" timestamp="2022-08-20T23:11:23 IST" skipped="0">
  <testcase classname="automation_study.Test_D_2" name="verify_test_1" time="0.010"/>
  <system-out/>
</testsuite> <!-- automation_study.Test_D_2 -->
